time="2025-12-28T16:47:56+05:30" level=warning msg="Docker Compose is configured to build using Bake, but buildx isn't installed"
#0 building with "default" instance using docker driver

#1 [server internal] load build definition from Dockerfile
#1 transferring dockerfile: 712B done
#1 DONE 0.0s

#2 [server internal] load metadata for docker.io/library/node:20-alpine
#2 ...

#3 [server auth] library/node:pull token for registry-1.docker.io
#3 DONE 0.0s

#2 [server internal] load metadata for docker.io/library/node:20-alpine
#2 DONE 2.5s

#4 [server internal] load .dockerignore
#4 transferring context: 312B done
#4 DONE 0.0s

#5 [server builder 1/8] FROM docker.io/library/node:20-alpine@sha256:658d0f63e501824d6c23e06d4bb95c71e7d704537c9d9272f488ac03a370d448
#5 DONE 0.0s

#6 [server builder 2/8] WORKDIR /app
#6 CACHED

#7 [server internal] load build context
#7 transferring context: 992B done
#7 DONE 0.0s

#8 [server builder 3/8] COPY package.json package-lock.json* ./
#8 DONE 0.1s

#9 [server builder 4/8] RUN npm ci
#9 ...

#10 [server stage-1 4/7] RUN npm ci --omit=dev
